<?xml version="1.0" encoding="UTF-8"?>
<!-- Generated by org.testng.reporters.JUnitXMLReporter -->
<testsuite ignored="0" hostname="Devansh" failures="4" tests="18" name="Test" time="0.08" errors="0" timestamp="2024-06-18T16:27:40 IST">
  <testcase classname="jenkinspack.Countries3" name="Africa" time="0.007"/>
  <testcase classname="jenkinspack.Countries3" name="Azmir" time="0.001"/>
  <testcase classname="jenkinspack.Countries3" name="Bali" time="0.001">
    <failure type="java.lang.AssertionError" message="expected [Russia] but found [Bali]">
      <![CDATA[java.lang.AssertionError: expected [Russia] but found [Bali]
at jenkinspack.Countries3.Bali(Countries3.java:38)
at java.base/java.util.ArrayList.forEach(ArrayList.java:1511)
... Removed 33 stack frames]]>
    </failure>
  </testcase> <!-- Bali -->
  <testcase classname="jenkinspack.Countries3" name="Tokyo" time="0.0"/>
  <testcase classname="jenkinspack.Countries3" name="Turkey" time="0.002"/>
  <testcase classname="jenkinspack.Countries3" name="bangla" time="0.001"/>
  <testcase classname="jenkinspack.Countries1" name="Antarcitica" time="0.003"/>
  <testcase classname="jenkinspack.Countries1" name="Brazil" time="0.001"/>
  <testcase classname="jenkinspack.Countries1" name="Japan" time="0.002"/>
  <testcase classname="jenkinspack.Countries1" name="Russia" time="0.001"/>
  <testcase classname="jenkinspack.Countries1" name="Sidney" time="0.001"/>
  <testcase classname="jenkinspack.Countries1" name="SouthKorea" time="0.0"/>
  <testcase classname="jenkinspack.Countries2" name="Antarcitica" time="0.001">
    <failure type="java.lang.AssertionError" message="expected [Arcitica] but found [Antarcitica]">
      <![CDATA[java.lang.AssertionError: expected [Arcitica] but found [Antarcitica]
at jenkinspack.Countries2.Antarcitica(Countries2.java:56)
at java.base/java.util.ArrayList.forEach(ArrayList.java:1511)
... Removed 33 stack frames]]>
    </failure>
  </testcase> <!-- Antarcitica -->
  <testcase classname="jenkinspack.Countries2" name="Brazil" time="0.001"/>
  <testcase classname="jenkinspack.Countries2" name="Japan" time="0.001"/>
  <testcase classname="jenkinspack.Countries2" name="Russia" time="0.001">
    <failure type="java.lang.AssertionError" message="expected [Bali] but found [Russia]">
      <![CDATA[java.lang.AssertionError: expected [Bali] but found [Russia]
at jenkinspack.Countries2.Russia(Countries2.java:29)
at java.base/java.util.ArrayList.forEach(ArrayList.java:1511)
... Removed 33 stack frames]]>
    </failure>
  </testcase> <!-- Russia -->
  <testcase classname="jenkinspack.Countries2" name="Sidney" time="0.001"/>
  <testcase classname="jenkinspack.Countries2" name="SouthKorea" time="0.001">
    <failure type="java.lang.AssertionError" message="expected [South Korea] but found [SouthKorea]">
      <![CDATA[java.lang.AssertionError: expected [South Korea] but found [SouthKorea]
at jenkinspack.Countries2.SouthKorea(Countries2.java:38)
at java.base/java.util.ArrayList.forEach(ArrayList.java:1511)
... Removed 33 stack frames]]>
    </failure>
  </testcase> <!-- SouthKorea -->
</testsuite> <!-- Test -->
